build/app/intermediates/manifest_merge_blame_file/debug/manifest-merger-blame-debug-report.txt
1<?xml version="1.0" encoding="utf-8"?>
2<manifest xmlns:android="http://schemas.android.com/apk/res/android"
3    package="in.medbridge.business"
4    android:versionCode="1"
5    android:versionName="1.0" >
6
7    <uses-sdk
8        android:minSdkVersion="16"
8-->src\main\AndroidManifest.xml
9        android:targetSdkVersion="28" />
9-->src\main\AndroidManifest.xml
10
11    <uses-permission android:name="android.permission.INTERNET" />
11-->src\main\AndroidManifest.xml:4:5-67
11-->src\main\AndroidManifest.xml:4:22-64
12    <uses-permission android:name="android.permission.ACCESS_NETWORK_STATE" />
12-->[:firebase_analytics] AndroidManifest.xml:7:5-79
12-->[:firebase_analytics] AndroidManifest.xml:7:22-76
13    <uses-permission android:name="android.permission.WAKE_LOCK" />
13-->[:firebase_analytics] AndroidManifest.xml:9:5-68
13-->[:firebase_analytics] AndroidManifest.xml:9:22-65
14    <uses-permission android:name="com.google.android.finsky.permission.BIND_GET_INSTALL_REFERRER_SERVICE" /> <!-- Required by older versions of Google Play services to create IID tokens -->
14-->[com.google.android.gms:play-services-measurement:16.5.0] AndroidManifest.xml:26:5-110
14-->[com.google.android.gms:play-services-measurement:16.5.0] AndroidManifest.xml:26:22-107
15    <uses-permission android:name="com.google.android.c2dm.permission.RECEIVE" />
15-->[com.google.firebase:firebase-iid:20.0.1] AndroidManifest.xml:26:5-82
15-->[com.google.firebase:firebase-iid:20.0.1] AndroidManifest.xml:26:22-79
16
17    <application
17-->src\main\AndroidManifest.xml:6:5-37:19
18        android:name="io.flutter.app.FlutterApplication"
18-->src\main\AndroidManifest.xml:7:9-57
19        android:appComponentFactory="androidx.core.app.CoreComponentFactory"
19-->[androidx.core:core:1.0.0] AndroidManifest.xml:22:18-86
20        android:debuggable="true"
21        android:icon="@mipmap/ic_launcher"
21-->src\main\AndroidManifest.xml:8:9-43
22        android:label="MedBridge Business" >
22-->src\main\AndroidManifest.xml:9:9-43
23        <activity
23-->src\main\AndroidManifest.xml:10:9-25:20
24            android:name="io.flutter.plugins.firebasemessagingexample.MainActivity"
24-->src\main\AndroidManifest.xml:11:13-41
25            android:configChanges="orientation|keyboardHidden|keyboard|screenSize|locale|layoutDirection"
25-->src\main\AndroidManifest.xml:12:13-106
26            android:hardwareAccelerated="true"
26-->src\main\AndroidManifest.xml:13:13-47
27            android:launchMode="singleTop"
27-->src\main\AndroidManifest.xml:14:13-43
28            android:theme="@android:style/Theme.Black.NoTitleBar"
28-->src\main\AndroidManifest.xml:15:13-66
29            android:windowSoftInputMode="adjustResize" >
29-->src\main\AndroidManifest.xml:16:13-55
30            <intent-filter>
30-->src\main\AndroidManifest.xml:17:13-20:29
31                <action android:name="android.intent.action.MAIN" />
31-->src\main\AndroidManifest.xml:18:17-69
31-->src\main\AndroidManifest.xml:18:25-66
32
33                <category android:name="android.intent.category.LAUNCHER" />
33-->src\main\AndroidManifest.xml:19:17-77
33-->src\main\AndroidManifest.xml:19:27-74
34            </intent-filter>
35            <intent-filter>
35-->src\main\AndroidManifest.xml:21:13-24:29
36                <action android:name="FLUTTER_NOTIFICATION_CLICK" />
36-->src\main\AndroidManifest.xml:22:17-69
36-->src\main\AndroidManifest.xml:22:25-66
37
38                <category android:name="android.intent.category.DEFAULT" />
38-->src\main\AndroidManifest.xml:23:17-76
38-->src\main\AndroidManifest.xml:23:27-73
39            </intent-filter>
40        </activity>
41        <activity
41-->src\main\AndroidManifest.xml:26:9-36:20
42            android:name="io.flutter.plugins.firebasemessagingexample.EmbeddingV1Activity"
42-->src\main\AndroidManifest.xml:27:13-48
43            android:configChanges="orientation|keyboardHidden|keyboard|screenSize|locale|layoutDirection"
43-->src\main\AndroidManifest.xml:28:13-106
44            android:hardwareAccelerated="true"
44-->src\main\AndroidManifest.xml:29:13-47
45            android:launchMode="singleTop"
45-->src\main\AndroidManifest.xml:30:13-43
46            android:theme="@android:style/Theme.Black.NoTitleBar"
46-->src\main\AndroidManifest.xml:31:13-66
47            android:windowSoftInputMode="adjustResize" >
47-->src\main\AndroidManifest.xml:32:13-55
48            <intent-filter>
48-->src\main\AndroidManifest.xml:33:13-35:29
49                <action android:name="android.intent.action.MAIN" />
49-->src\main\AndroidManifest.xml:18:17-69
49-->src\main\AndroidManifest.xml:18:25-66
50            </intent-filter>
51        </activity>
52
53        <service
53-->[:firebase_analytics] AndroidManifest.xml:12:9-16:19
54            android:name="com.google.firebase.components.ComponentDiscoveryService"
54-->[:firebase_analytics] AndroidManifest.xml:12:18-89
55            android:directBootAware="true"
55-->[com.google.firebase:firebase-common:19.2.0] AndroidManifest.xml:15:13-43
56            android:exported="false" >
56-->[com.google.android.gms:play-services-measurement-api:16.5.0] AndroidManifest.xml:29:13-37
57            <meta-data
57-->[:firebase_analytics] AndroidManifest.xml:13:13-15:85
58                android:name="com.google.firebase.components:io.flutter.plugins.firebaseanalytics.FlutterFirebaseAppRegistrar"
58-->[:firebase_analytics] AndroidManifest.xml:14:17-127
59                android:value="com.google.firebase.components.ComponentRegistrar" />
59-->[:firebase_analytics] AndroidManifest.xml:15:17-82
60            <meta-data
60-->[:firebase_core] AndroidManifest.xml:9:13-11:85
61                android:name="com.google.firebase.components:io.flutter.plugins.firebase.core.FlutterFirebaseAppRegistrar"
61-->[:firebase_core] AndroidManifest.xml:10:17-123
62                android:value="com.google.firebase.components.ComponentRegistrar" />
62-->[:firebase_core] AndroidManifest.xml:11:17-82
63            <meta-data
63-->[:firebase_messaging] AndroidManifest.xml:14:13-16:85
64                android:name="com.google.firebase.components:io.flutter.plugins.firebasemessaging.FlutterFirebaseAppRegistrar"
64-->[:firebase_messaging] AndroidManifest.xml:15:17-127
65                android:value="com.google.firebase.components.ComponentRegistrar" />
65-->[:firebase_messaging] AndroidManifest.xml:16:17-82
66            <meta-data
66-->[com.google.android.gms:play-services-measurement-api:16.5.0] AndroidManifest.xml:30:13-32:85
67                android:name="com.google.firebase.components:com.google.firebase.analytics.connector.internal.AnalyticsConnectorRegistrar"
67-->[com.google.android.gms:play-services-measurement-api:16.5.0] AndroidManifest.xml:31:17-139
68                android:value="com.google.firebase.components.ComponentRegistrar" />
68-->[com.google.android.gms:play-services-measurement-api:16.5.0] AndroidManifest.xml:32:17-82
69            <meta-data
69-->[com.google.firebase:firebase-iid:20.0.1] AndroidManifest.xml:32:13-34:85
70                android:name="com.google.firebase.components:com.google.firebase.iid.Registrar"
70-->[com.google.firebase:firebase-iid:20.0.1] AndroidManifest.xml:33:17-96
71                android:value="com.google.firebase.components.ComponentRegistrar" />
71-->[com.google.firebase:firebase-iid:20.0.1] AndroidManifest.xml:34:17-82
72        </service>
73        <service android:name="io.flutter.plugins.firebasemessaging.FlutterFirebaseMessagingService" >
73-->[:firebase_messaging] AndroidManifest.xml:8:9-12:19
73-->[:firebase_messaging] AndroidManifest.xml:8:18-101
74            <intent-filter>
74-->[:firebase_messaging] AndroidManifest.xml:9:13-11:29
75                <action android:name="com.google.firebase.MESSAGING_EVENT" />
75-->[:firebase_messaging] AndroidManifest.xml:10:17-78
75-->[:firebase_messaging] AndroidManifest.xml:10:25-75
76            </intent-filter>
77        </service>
78        <!--
79             FirebaseMessagingService performs security checks at runtime,
80             but set to not exported to explicitly avoid allowing another app to call it.
81        -->
82        <service
82-->[com.google.firebase:firebase-messaging:20.0.1] AndroidManifest.xml:28:9-34:19
83            android:name="com.google.firebase.messaging.FirebaseMessagingService"
83-->[com.google.firebase:firebase-messaging:20.0.1] AndroidManifest.xml:29:13-82
84            android:exported="false" >
84-->[com.google.firebase:firebase-messaging:20.0.1] AndroidManifest.xml:30:13-37
85            <intent-filter android:priority="-500" >
85-->[:firebase_messaging] AndroidManifest.xml:9:13-11:29
86                <action android:name="com.google.firebase.MESSAGING_EVENT" />
86-->[:firebase_messaging] AndroidManifest.xml:10:17-78
86-->[:firebase_messaging] AndroidManifest.xml:10:25-75
87            </intent-filter>
88        </service>
89
90        <receiver
90-->[com.google.android.gms:play-services-measurement:16.5.0] AndroidManifest.xml:29:9-33:20
91            android:name="com.google.android.gms.measurement.AppMeasurementReceiver"
91-->[com.google.android.gms:play-services-measurement:16.5.0] AndroidManifest.xml:30:13-85
92            android:enabled="true"
92-->[com.google.android.gms:play-services-measurement:16.5.0] AndroidManifest.xml:31:13-35
93            android:exported="false" >
93-->[com.google.android.gms:play-services-measurement:16.5.0] AndroidManifest.xml:32:13-37
94        </receiver>
95        <receiver
95-->[com.google.android.gms:play-services-measurement:16.5.0] AndroidManifest.xml:34:9-42:20
96            android:name="com.google.android.gms.measurement.AppMeasurementInstallReferrerReceiver"
96-->[com.google.android.gms:play-services-measurement:16.5.0] AndroidManifest.xml:35:13-100
97            android:enabled="true"
97-->[com.google.android.gms:play-services-measurement:16.5.0] AndroidManifest.xml:36:13-35
98            android:exported="true"
98-->[com.google.android.gms:play-services-measurement:16.5.0] AndroidManifest.xml:37:13-36
99            android:permission="android.permission.INSTALL_PACKAGES" >
99-->[com.google.android.gms:play-services-measurement:16.5.0] AndroidManifest.xml:38:13-69
100            <intent-filter>
100-->[com.google.android.gms:play-services-measurement:16.5.0] AndroidManifest.xml:39:13-41:29
101                <action android:name="com.android.vending.INSTALL_REFERRER" />
101-->[com.google.android.gms:play-services-measurement:16.5.0] AndroidManifest.xml:40:17-79
101-->[com.google.android.gms:play-services-measurement:16.5.0] AndroidManifest.xml:40:25-76
102            </intent-filter>
103        </receiver>
104
105        <service
105-->[com.google.android.gms:play-services-measurement:16.5.0] AndroidManifest.xml:44:9-47:40
106            android:name="com.google.android.gms.measurement.AppMeasurementService"
106-->[com.google.android.gms:play-services-measurement:16.5.0] AndroidManifest.xml:45:13-84
107            android:enabled="true"
107-->[com.google.android.gms:play-services-measurement:16.5.0] AndroidManifest.xml:46:13-35
108            android:exported="false" />
108-->[com.google.android.gms:play-services-measurement:16.5.0] AndroidManifest.xml:47:13-37
109        <service
109-->[com.google.android.gms:play-services-measurement:16.5.0] AndroidManifest.xml:48:9-52:72
110            android:name="com.google.android.gms.measurement.AppMeasurementJobService"
110-->[com.google.android.gms:play-services-measurement:16.5.0] AndroidManifest.xml:49:13-87
111            android:enabled="true"
111-->[com.google.android.gms:play-services-measurement:16.5.0] AndroidManifest.xml:50:13-35
112            android:exported="false"
112-->[com.google.android.gms:play-services-measurement:16.5.0] AndroidManifest.xml:51:13-37
113            android:permission="android.permission.BIND_JOB_SERVICE" />
113-->[com.google.android.gms:play-services-measurement:16.5.0] AndroidManifest.xml:52:13-69
114
115        <receiver
115-->[com.google.firebase:firebase-iid:20.0.1] AndroidManifest.xml:37:9-44:20
116            android:name="com.google.firebase.iid.FirebaseInstanceIdReceiver"
116-->[com.google.firebase:firebase-iid:20.0.1] AndroidManifest.xml:38:13-78
117            android:exported="true"
117-->[com.google.firebase:firebase-iid:20.0.1] AndroidManifest.xml:39:13-36
118            android:permission="com.google.android.c2dm.permission.SEND" >
118-->[com.google.firebase:firebase-iid:20.0.1] AndroidManifest.xml:40:13-73
119            <intent-filter>
119-->[com.google.firebase:firebase-iid:20.0.1] AndroidManifest.xml:41:13-43:29
120                <action android:name="com.google.android.c2dm.intent.RECEIVE" />
120-->[com.google.firebase:firebase-iid:20.0.1] AndroidManifest.xml:42:17-81
120-->[com.google.firebase:firebase-iid:20.0.1] AndroidManifest.xml:42:25-78
121            </intent-filter>
122        </receiver>
123
124        <provider
124-->[com.google.firebase:firebase-common:19.2.0] AndroidManifest.xml:19:9-23:39
125            android:name="com.google.firebase.provider.FirebaseInitProvider"
125-->[com.google.firebase:firebase-common:19.2.0] AndroidManifest.xml:20:13-77
126            android:authorities="in.medbridge.business.firebaseinitprovider"
126-->[com.google.firebase:firebase-common:19.2.0] AndroidManifest.xml:21:13-72
127            android:exported="false"
127-->[com.google.firebase:firebase-common:19.2.0] AndroidManifest.xml:22:13-37
128            android:initOrder="100" />
128-->[com.google.firebase:firebase-common:19.2.0] AndroidManifest.xml:23:13-36
129
130        <activity
130-->[com.google.android.gms:play-services-base:17.0.0] AndroidManifest.xml:23:9-26:75
131            android:name="com.google.android.gms.common.api.GoogleApiActivity"
131-->[com.google.android.gms:play-services-base:17.0.0] AndroidManifest.xml:24:13-79
132            android:exported="false"
132-->[com.google.android.gms:play-services-base:17.0.0] AndroidManifest.xml:25:13-37
133            android:theme="@android:style/Theme.Translucent.NoTitleBar" />
133-->[com.google.android.gms:play-services-base:17.0.0] AndroidManifest.xml:26:13-72
134
135        <meta-data
135-->[com.google.android.gms:play-services-basement:17.0.0] AndroidManifest.xml:23:9-25:69
136            android:name="com.google.android.gms.version"
136-->[com.google.android.gms:play-services-basement:17.0.0] AndroidManifest.xml:24:13-58
137            android:value="@integer/google_play_services_version" />
137-->[com.google.android.gms:play-services-basement:17.0.0] AndroidManifest.xml:25:13-66
138    </application>
139
140</manifest>